11942 documents
3 categories

Performing grid search...
pipeline: ['vect', 'tfidf', 'clf']
parameters:
{'clf__kernel': ['rbf', 'linear', 'poly', 'sigmoid'],
 'clf__shrinking': (True, False),
 'tfidf__use_idf': (True, False),
 'vect__analyzer': ['word'],
 'vect__max_features': (None, 50000),
 'vect__ngram_range': [(1, 1), (1, 2), (1, 3)],
 'vect__stop_words': [None, 'english']}
Fitting 10 folds for each of 192 candidates, totalling 1920 fits
[Parallel(n_jobs=10)]: Done   1 jobs       | elapsed:  2.5min
[Parallel(n_jobs=10)]: Done  50 jobs       | elapsed: 20.1min
[Parallel(n_jobs=10)]: Done 200 jobs       | elapsed: 81.5min
[Parallel(n_jobs=10)]: Done 450 jobs       | elapsed: 179.2min
[Parallel(n_jobs=10)]: Done 800 jobs       | elapsed: 347.8min
[Parallel(n_jobs=10)]: Done 1250 jobs       | elapsed: 511.5min
[Parallel(n_jobs=10)]: Done 1800 jobs       | elapsed: 711.3min
[Parallel(n_jobs=10)]: Done 1902 out of 1920 | elapsed: 750.4min remaining:  7.1min
[Parallel(n_jobs=10)]: Done 1920 out of 1920 | elapsed: 755.3min finished
done in 46435.706s

Best score: 0.806
Best parameters set:
	clf__kernel: 'linear'
	clf__shrinking: True
	tfidf__use_idf: True
	vect__analyzer: 'word'
	vect__max_features: None
	vect__ngram_range: (1, 3)
	vect__stop_words: None
