/data/software/python/anaconda/envs/ieccs/lib/python2.7/site-packages/nltk/twitter/__init__.py:20: UserWarning: The twython library has not been installed. Some functionality from the twitter package will not be available.
  warnings.warn("The twython library has not been installed. "
2087 training documents
3 categories

Using train, validation and test approach with clf LinearSVC(C=1.0, class_weight=None, dual=True, fit_intercept=True,
     intercept_scaling=1, loss='squared_hinge', max_iter=1000,
     multi_class='ovr', penalty='l2', random_state=None, tol=0.0001,
     verbose=0)
Performing grid search...
pipeline: ['vect', 'tfidf', 'clf']
parameters:
{'clf__C': array([   0.1       ,    0.16378937,    0.26826958,    0.43939706,
          0.71968567,    1.17876863,    1.93069773,    3.16227766,
          5.17947468,    8.48342898,   13.89495494,   22.75845926,
         37.2759372 ,   61.05402297,  100.        ]),
 'tfidf__use_idf': (True, False),
 'vect__analyzer': ['word'],
 'vect__max_features': (None, 50000),
 'vect__ngram_range': [(1, 1), (1, 2), (1, 3), (2, 3), (3, 3)],
 'vect__stop_words': [None, 'english']}
Fitting 10 folds for each of 600 candidates, totalling 6000 fits
/data/software/python/anaconda/envs/ieccs/lib/python2.7/site-packages/sklearn/metrics/classification.py:1074: UndefinedMetricWarning: F-score is ill-defined and being set to 0.0 in labels with no predicted samples.
  'precision', 'predicted', average, warn_for)
/data/software/python/anaconda/envs/ieccs/lib/python2.7/site-packages/sklearn/metrics/classification.py:1074: UndefinedMetricWarning: F-score is ill-defined and being set to 0.0 in labels with no predicted samples.
  'precision', 'predicted', average, warn_for)
/data/software/python/anaconda/envs/ieccs/lib/python2.7/site-packages/sklearn/metrics/classification.py:1074: UndefinedMetricWarning: F-score is ill-defined and being set to 0.0 in labels with no predicted samples.
  'precision', 'predicted', average, warn_for)
/data/software/python/anaconda/envs/ieccs/lib/python2.7/site-packages/sklearn/metrics/classification.py:1074: UndefinedMetricWarning: F-score is ill-defined and being set to 0.0 in labels with no predicted samples.
  'precision', 'predicted', average, warn_for)
/data/software/python/anaconda/envs/ieccs/lib/python2.7/site-packages/sklearn/metrics/classification.py:1074: UndefinedMetricWarning: F-score is ill-defined and being set to 0.0 in labels with no predicted samples.
  'precision', 'predicted', average, warn_for)
/data/software/python/anaconda/envs/ieccs/lib/python2.7/site-packages/sklearn/metrics/classification.py:1074: UndefinedMetricWarning: F-score is ill-defined and being set to 0.0 in labels with no predicted samples.
  'precision', 'predicted', average, warn_for)
/data/software/python/anaconda/envs/ieccs/lib/python2.7/site-packages/sklearn/metrics/classification.py:1074: UndefinedMetricWarning: F-score is ill-defined and being set to 0.0 in labels with no predicted samples.
  'precision', 'predicted', average, warn_for)
/data/software/python/anaconda/envs/ieccs/lib/python2.7/site-packages/sklearn/metrics/classification.py:1074: UndefinedMetricWarning: F-score is ill-defined and being set to 0.0 in labels with no predicted samples.
  'precision', 'predicted', average, warn_for)
/data/software/python/anaconda/envs/ieccs/lib/python2.7/site-packages/sklearn/metrics/classification.py:1074: UndefinedMetricWarning: F-score is ill-defined and being set to 0.0 in labels with no predicted samples.
  'precision', 'predicted', average, warn_for)
/data/software/python/anaconda/envs/ieccs/lib/python2.7/site-packages/sklearn/metrics/classification.py:1074: UndefinedMetricWarning: F-score is ill-defined and being set to 0.0 in labels with no predicted samples.
  'precision', 'predicted', average, warn_for)
[Parallel(n_jobs=10)]: Done  30 tasks      | elapsed:    7.1s
[Parallel(n_jobs=10)]: Done 180 tasks      | elapsed:  1.4min
[Parallel(n_jobs=10)]: Done 430 tasks      | elapsed:  3.1min
[Parallel(n_jobs=10)]: Done 780 tasks      | elapsed:  6.0min
[Parallel(n_jobs=10)]: Done 1230 tasks      | elapsed:  9.2min
[Parallel(n_jobs=10)]: Done 1780 tasks      | elapsed: 13.6min
[Parallel(n_jobs=10)]: Done 2430 tasks      | elapsed: 18.5min
[Parallel(n_jobs=10)]: Done 3180 tasks      | elapsed: 24.6min
[Parallel(n_jobs=10)]: Done 4030 tasks      | elapsed: 31.1min
[Parallel(n_jobs=10)]: Done 4980 tasks      | elapsed: 38.6min
[Parallel(n_jobs=10)]: Done 6000 out of 6000 | elapsed: 46.7min finished
done in 2801.095s

Best score: 0.983
Best parameters set:
	clf__C: 37.275937203149383
	tfidf__use_idf: False
	vect__analyzer: 'word'
	vect__max_features: None
	vect__ngram_range: (1, 1)
	vect__stop_words: 'english'
