/data/software/python/anaconda/envs/ieccs/lib/python2.7/site-packages/nltk/twitter/__init__.py:20: UserWarning: The twython library has not been installed. Some functionality from the twitter package will not be available.
  warnings.warn("The twython library has not been installed. "
6270 documents
3 categories

Performing grid search...
pipeline: ['vect', 'clf']
parameters:
{'clf__C': array([  0.1       ,   0.28840315,   0.83176377,   2.39883292,
         6.91830971,  19.95262315]),
 'clf__multi_class': ['ovr', 'crammer_singer'],
 'vect__analyzer': ['word', 'char'],
 'vect__max_features': (None, 50000),
 'vect__ngram_range': [(1, 1), (1, 2), (1, 3), (2, 3)],
 'vect__stop_words': [None, 'english']}
Fitting 10 folds for each of 384 candidates, totalling 3840 fits
/data/software/python/anaconda/envs/ieccs/lib/python2.7/site-packages/sklearn/metrics/classification.py:1074: UndefinedMetricWarning: F-score is ill-defined and being set to 0.0 in labels with no predicted samples.
  'precision', 'predicted', average, warn_for)
/data/software/python/anaconda/envs/ieccs/lib/python2.7/site-packages/sklearn/metrics/classification.py:1074: UndefinedMetricWarning: F-score is ill-defined and being set to 0.0 in labels with no predicted samples.
  'precision', 'predicted', average, warn_for)
/data/software/python/anaconda/envs/ieccs/lib/python2.7/site-packages/sklearn/metrics/classification.py:1074: UndefinedMetricWarning: F-score is ill-defined and being set to 0.0 in labels with no predicted samples.
  'precision', 'predicted', average, warn_for)
/data/software/python/anaconda/envs/ieccs/lib/python2.7/site-packages/sklearn/metrics/classification.py:1074: UndefinedMetricWarning: F-score is ill-defined and being set to 0.0 in labels with no predicted samples.
  'precision', 'predicted', average, warn_for)
/data/software/python/anaconda/envs/ieccs/lib/python2.7/site-packages/sklearn/metrics/classification.py:1074: UndefinedMetricWarning: F-score is ill-defined and being set to 0.0 in labels with no predicted samples.
  'precision', 'predicted', average, warn_for)
/data/software/python/anaconda/envs/ieccs/lib/python2.7/site-packages/sklearn/metrics/classification.py:1074: UndefinedMetricWarning: F-score is ill-defined and being set to 0.0 in labels with no predicted samples.
  'precision', 'predicted', average, warn_for)
/data/software/python/anaconda/envs/ieccs/lib/python2.7/site-packages/sklearn/metrics/classification.py:1074: UndefinedMetricWarning: F-score is ill-defined and being set to 0.0 in labels with no predicted samples.
  'precision', 'predicted', average, warn_for)
/data/software/python/anaconda/envs/ieccs/lib/python2.7/site-packages/sklearn/metrics/classification.py:1074: UndefinedMetricWarning: F-score is ill-defined and being set to 0.0 in labels with no predicted samples.
  'precision', 'predicted', average, warn_for)
/data/software/python/anaconda/envs/ieccs/lib/python2.7/site-packages/sklearn/metrics/classification.py:1074: UndefinedMetricWarning: F-score is ill-defined and being set to 0.0 in labels with no predicted samples.
  'precision', 'predicted', average, warn_for)
/data/software/python/anaconda/envs/ieccs/lib/python2.7/site-packages/sklearn/metrics/classification.py:1074: UndefinedMetricWarning: F-score is ill-defined and being set to 0.0 in labels with no predicted samples.
  'precision', 'predicted', average, warn_for)
[Parallel(n_jobs=10)]: Done  30 tasks      | elapsed:  1.4min
[Parallel(n_jobs=10)]: Done 180 tasks      | elapsed: 11.4min
[Parallel(n_jobs=10)]: Done 430 tasks      | elapsed: 49.4min
[Parallel(n_jobs=10)]: Done 780 tasks      | elapsed: 669.6min
[Parallel(n_jobs=10)]: Done 1230 tasks      | elapsed: 1190.3min
[Parallel(n_jobs=10)]: Done 1780 tasks      | elapsed: 1668.1min
[Parallel(n_jobs=10)]: Done 2430 tasks      | elapsed: 2258.8min
[Parallel(n_jobs=10)]: Done 3180 tasks      | elapsed: 3100.8min
[Parallel(n_jobs=10)]: Done 3840 out of 3840 | elapsed: 3697.9min finished
done in 221915.846s

Best score: 0.541
Best parameters set:
	clf__C: 2.3988329190194899
	clf__multi_class: 'crammer_singer'
	vect__analyzer: 'word'
	vect__max_features: None
	vect__ngram_range: (1, 1)
	vect__stop_words: 'english'
